*** Starting uWSGI 2.0.15-debian (64bit) on [Fri Jun 26 16:57:49 2020] ***
compiled with version: 7.3.0 on 28 September 2018 15:41:15
os: Linux-4.19.104-microsoft-standard #1 SMP Wed Feb 19 06:37:35 UTC 2020
nodename: DESKTOP-Home
machine: x86_64
clock source: unix
pcre jit disabled
detected number of CPU cores: 8
current working directory: /mnt/e/Desktop/AIR_System
detected binary path: /usr/bin/uwsgi-core
dropping root privileges as early as possible
chdir() to ./
your processes number limit is 25042
your memory page size is 4096 bytes
detected max file descriptor number: 1024
lock engine: pthread robust mutexes
thunder lock: disabled (you can enable it with --thunder-lock)
uwsgi socket 0 bound to TCP address :8070 fd 6
dropping root privileges after socket binding
dropping root privileges after plugin initialization
your server socket listen backlog is limited to 100 connections
your mercy for graceful operations on workers is 60 seconds
mapped 363840 bytes (355 KB) for 4 cores
*** Operational MODE: preforking ***
*** no app loaded. going in full dynamic mode ***
dropping root privileges after application loading
*** uWSGI is running in multiple interpreter mode ***
!!!!!!!!!!!!!! WARNING !!!!!!!!!!!!!!
no request plugin is loaded, you will not be able to manage requests.
you may need to install the package for your language of choice, or simply load it with --plugin.
!!!!!!!!!!! END OF WARNING !!!!!!!!!!
spawned uWSGI master process (pid: 491)
spawned uWSGI worker 1 (pid: 492, cores: 1)
spawned uWSGI worker 2 (pid: 493, cores: 1)
spawned uWSGI worker 3 (pid: 494, cores: 1)
spawned uWSGI worker 4 (pid: 495, cores: 1)
unable to stat() chdir, events will be triggered as soon as the file is created
invalid request block size: 21573 (max 4096)...skip
invalid request block size: 21573 (max 4096)...skip
invalid request block size: 21573 (max 4096)...skip
invalid request block size: 21573 (max 4096)...skip
invalid request block size: 21573 (max 4096)...skip
invalid request block size: 21573 (max 4096)...skip
invalid request block size: 21573 (max 4096)...skip
invalid request block size: 21573 (max 4096)...skip
invalid request block size: 21573 (max 4096)...skip
invalid request block size: 21573 (max 4096)...skip
invalid request block size: 21573 (max 4096)...skip
*** Starting uWSGI 2.0.15-debian (64bit) on [Fri Jun 26 17:04:15 2020] ***
compiled with version: 7.3.0 on 28 September 2018 15:41:15
os: Linux-4.19.104-microsoft-standard #1 SMP Wed Feb 19 06:37:35 UTC 2020
nodename: DESKTOP-Home
machine: x86_64
clock source: unix
pcre jit disabled
detected number of CPU cores: 8
current working directory: /mnt/e/Desktop/AIR_System
detected binary path: /usr/bin/uwsgi-core
dropping root privileges as early as possible
chdir() to ./
your processes number limit is 25042
your memory page size is 4096 bytes
detected max file descriptor number: 1024
lock engine: pthread robust mutexes
thunder lock: disabled (you can enable it with --thunder-lock)
probably another instance of uWSGI is running on the same address (:8070).
bind(): Address already in use [core/socket.c line 769]
invalid request block size: 21573 (max 4096)...skip
invalid request block size: 21573 (max 4096)...skip
invalid request block size: 21573 (max 4096)...skip
invalid request block size: 21573 (max 4096)...skip
invalid request block size: 21573 (max 4096)...skip
invalid request block size: 21573 (max 4096)...skip
*** Starting uWSGI 2.0.15-debian (64bit) on [Fri Jun 26 17:05:57 2020] ***
compiled with version: 7.3.0 on 28 September 2018 15:41:15
os: Linux-4.19.104-microsoft-standard #1 SMP Wed Feb 19 06:37:35 UTC 2020
nodename: DESKTOP-Home
machine: x86_64
clock source: unix
pcre jit disabled
detected number of CPU cores: 8
current working directory: /mnt/e/Desktop/AIR_System
detected binary path: /usr/bin/uwsgi-core
dropping root privileges as early as possible
chdir() to ./
your processes number limit is 25042
your memory page size is 4096 bytes
detected max file descriptor number: 1024
lock engine: pthread robust mutexes
thunder lock: disabled (you can enable it with --thunder-lock)
probably another instance of uWSGI is running on the same address (:8070).
bind(): Address already in use [core/socket.c line 769]
*** Starting uWSGI 2.0.15-debian (64bit) on [Fri Jun 26 17:06:11 2020] ***
compiled with version: 7.3.0 on 28 September 2018 15:41:15
os: Linux-4.19.104-microsoft-standard #1 SMP Wed Feb 19 06:37:35 UTC 2020
nodename: DESKTOP-Home
machine: x86_64
clock source: unix
pcre jit disabled
detected number of CPU cores: 8
current working directory: /mnt/e/Desktop/AIR_System
detected binary path: /usr/bin/uwsgi-core
dropping root privileges as early as possible
chdir() to ./
your processes number limit is 25042
your memory page size is 4096 bytes
detected max file descriptor number: 1024
lock engine: pthread robust mutexes
thunder lock: disabled (you can enable it with --thunder-lock)
uwsgi socket 0 bound to TCP address :8070 fd 6
dropping root privileges after socket binding
dropping root privileges after plugin initialization
your server socket listen backlog is limited to 100 connections
your mercy for graceful operations on workers is 60 seconds
mapped 363840 bytes (355 KB) for 4 cores
*** Operational MODE: preforking ***
*** no app loaded. going in full dynamic mode ***
dropping root privileges after application loading
*** uWSGI is running in multiple interpreter mode ***
!!!!!!!!!!!!!! WARNING !!!!!!!!!!!!!!
no request plugin is loaded, you will not be able to manage requests.
you may need to install the package for your language of choice, or simply load it with --plugin.
!!!!!!!!!!! END OF WARNING !!!!!!!!!!
spawned uWSGI master process (pid: 517)
spawned uWSGI worker 1 (pid: 518, cores: 1)
spawned uWSGI worker 2 (pid: 519, cores: 1)
spawned uWSGI worker 3 (pid: 520, cores: 1)
spawned uWSGI worker 4 (pid: 521, cores: 1)
unable to stat() chdir, events will be triggered as soon as the file is created
invalid request block size: 21573 (max 4096)...skip
invalid request block size: 21573 (max 4096)...skip
invalid request block size: 21573 (max 4096)...skip
*** Starting uWSGI 2.0.15-debian (64bit) on [Sat Jun 27 12:51:25 2020] ***
compiled with version: 7.3.0 on 28 September 2018 15:41:15
os: Linux-4.19.104-microsoft-standard #1 SMP Wed Feb 19 06:37:35 UTC 2020
nodename: DESKTOP-Home
machine: x86_64
clock source: unix
pcre jit disabled
detected number of CPU cores: 8
current working directory: /mnt/e/Desktop/AIR_System
detected binary path: /usr/bin/uwsgi-core
dropping root privileges as early as possible
chdir() to ./
your processes number limit is 25042
your memory page size is 4096 bytes
detected max file descriptor number: 1024
lock engine: pthread robust mutexes
thunder lock: disabled (you can enable it with --thunder-lock)
uwsgi socket 0 bound to TCP address :8070 fd 6
dropping root privileges after socket binding
dropping root privileges after plugin initialization
your server socket listen backlog is limited to 100 connections
your mercy for graceful operations on workers is 60 seconds
mapped 363840 bytes (355 KB) for 4 cores
*** Operational MODE: preforking ***
*** no app loaded. going in full dynamic mode ***
dropping root privileges after application loading
*** uWSGI is running in multiple interpreter mode ***
!!!!!!!!!!!!!! WARNING !!!!!!!!!!!!!!
no request plugin is loaded, you will not be able to manage requests.
you may need to install the package for your language of choice, or simply load it with --plugin.
!!!!!!!!!!! END OF WARNING !!!!!!!!!!
spawned uWSGI master process (pid: 53)
spawned uWSGI worker 1 (pid: 54, cores: 1)
spawned uWSGI worker 2 (pid: 55, cores: 1)
spawned uWSGI worker 3 (pid: 56, cores: 1)
spawned uWSGI worker 4 (pid: 57, cores: 1)
unable to stat() chdir, events will be triggered as soon as the file is created
*** Starting uWSGI 2.0.15-debian (64bit) on [Sat Jun 27 13:01:50 2020] ***
compiled with version: 7.3.0 on 28 September 2018 15:41:15
os: Linux-4.19.104-microsoft-standard #1 SMP Wed Feb 19 06:37:35 UTC 2020
nodename: DESKTOP-Home
machine: x86_64
clock source: unix
pcre jit disabled
detected number of CPU cores: 8
current working directory: /mnt/e/Desktop/AIR_System
detected binary path: /usr/bin/uwsgi-core
dropping root privileges as early as possible
chdir() to ./
your processes number limit is 25042
your memory page size is 4096 bytes
detected max file descriptor number: 4096
lock engine: pthread robust mutexes
thunder lock: disabled (you can enable it with --thunder-lock)
probably another instance of uWSGI is running on the same address (:8070).
bind(): Address already in use [core/socket.c line 769]
*** Starting uWSGI 2.0.15-debian (64bit) on [Sat Jun 27 13:06:56 2020] ***
compiled with version: 7.3.0 on 28 September 2018 15:41:15
os: Linux-4.19.104-microsoft-standard #1 SMP Wed Feb 19 06:37:35 UTC 2020
nodename: DESKTOP-Home
machine: x86_64
clock source: unix
pcre jit disabled
detected number of CPU cores: 8
current working directory: /mnt/e/Desktop/AIR_System
writing pidfile to ./uwsgi.pid
detected binary path: /usr/bin/uwsgi-core
dropping root privileges as early as possible
chdir() to ./
your processes number limit is 25042
your memory page size is 4096 bytes
detected max file descriptor number: 4096
lock engine: pthread robust mutexes
thunder lock: disabled (you can enable it with --thunder-lock)
uwsgi socket 0 bound to TCP address :8070 fd 6
dropping root privileges after socket binding
dropping root privileges after plugin initialization
your server socket listen backlog is limited to 100 connections
your mercy for graceful operations on workers is 60 seconds
mapped 363840 bytes (355 KB) for 4 cores
*** Operational MODE: preforking ***
*** no app loaded. going in full dynamic mode ***
dropping root privileges after application loading
*** uWSGI is running in multiple interpreter mode ***
!!!!!!!!!!!!!! WARNING !!!!!!!!!!!!!!
no request plugin is loaded, you will not be able to manage requests.
you may need to install the package for your language of choice, or simply load it with --plugin.
!!!!!!!!!!! END OF WARNING !!!!!!!!!!
spawned uWSGI master process (pid: 824)
spawned uWSGI worker 1 (pid: 825, cores: 1)
spawned uWSGI worker 2 (pid: 826, cores: 1)
spawned uWSGI worker 3 (pid: 827, cores: 1)
spawned uWSGI worker 4 (pid: 828, cores: 1)
unable to stat() chdir, events will be triggered as soon as the file is created
